[0m12:08:21.276609 [debug] [MainThread]: Sending event: {'category': 'dbt', 'action': 'invocation', 'label': 'start', 'context': [<snowplow_tracker.self_describing_json.SelfDescribingJson object at 0x1058a1940>, <snowplow_tracker.self_describing_json.SelfDescribingJson object at 0x106d17ed0>, <snowplow_tracker.self_describing_json.SelfDescribingJson object at 0x106d17d90>]}


============================== 12:08:21.287111 | e7a00d27-90b7-4661-afa0-2509b4c60145 ==============================
[0m12:08:21.287111 [info ] [MainThread]: Running with dbt=1.9.4
[0m12:08:21.288170 [debug] [MainThread]: running dbt with arguments {'printer_width': '80', 'indirect_selection': 'eager', 'write_json': 'True', 'log_cache_events': 'False', 'partial_parse': 'True', 'cache_selected_only': 'False', 'profiles_dir': '/Users/macos/.dbt', 'fail_fast': 'False', 'version_check': 'True', 'log_path': 'logs', 'debug': 'False', 'warn_error': 'None', 'use_colors': 'True', 'use_experimental_parser': 'False', 'empty': 'None', 'quiet': 'False', 'no_print': 'None', 'warn_error_options': 'WarnErrorOptions(include=[], exclude=[])', 'introspect': 'True', 'static_parser': 'True', 'log_format': 'default', 'target_path': 'None', 'invocation_command': 'dbt init', 'send_anonymous_usage_stats': 'True'}
[0m12:08:39.188168 [debug] [MainThread]: Starter project path: /Users/macos/Desktop/code-proj/ELT/env/lib/python3.13/site-packages/dbt/include/starter_project
[0m12:08:39.214294 [info ] [MainThread]: 
Your new dbt project "custom_postgres" was created!

For more information on how to configure the profiles.yml file,
please consult the dbt documentation here:

  https://docs.getdbt.com/docs/configure-your-profile

One more thing:

Need help? Don't hesitate to reach out to us via GitHub issues or on Slack:

  https://community.getdbt.com/

Happy modeling!

[0m12:08:39.214970 [info ] [MainThread]: Setting up your profile.
[0m12:15:27.726339 [info ] [MainThread]: Profile custom_postgres written to /Users/macos/.dbt/profiles.yml using target's profile_template.yml and your supplied values. Run 'dbt debug' to validate the connection.
[0m12:15:27.733063 [debug] [MainThread]: Resource report: {"command_name": "init", "command_success": true, "command_wall_clock_time": 426.5631, "process_in_blocks": "0", "process_kernel_time": 0.690043, "process_mem_max_rss": "95477760", "process_out_blocks": "0", "process_user_time": 2.662386}
[0m12:15:27.734281 [debug] [MainThread]: Command `dbt init` succeeded at 12:15:27.733938 after 426.56 seconds
[0m12:15:27.735492 [debug] [MainThread]: Sending event: {'category': 'dbt', 'action': 'invocation', 'label': 'end', 'context': [<snowplow_tracker.self_describing_json.SelfDescribingJson object at 0x106df2780>, <snowplow_tracker.self_describing_json.SelfDescribingJson object at 0x106809a30>, <snowplow_tracker.self_describing_json.SelfDescribingJson object at 0x106e38490>]}
[0m12:15:27.736747 [debug] [MainThread]: Flushing usage events
[0m12:15:29.014540 [debug] [MainThread]: An error was encountered while trying to flush usage events
